make all --print-data-base --no-builtin-variables --no-builtin-rules --question
# GNU Make 3.81
# Copyright (C) 2006  Free Software Foundation, Inc.
# This is free software; see the source for copying conditions.
# There is NO warranty; not even for MERCHANTABILITY or FITNESS FOR A
# PARTICULAR PURPOSE.

# This program built for i386-apple-darwin11.3.0
 
make: *** No rule to make target `all'.  Stop.


# Make data base, printed on Fri May 13 14:42:09 2022

# Variables

# automatic
<D = $(patsubst %/,%,$(dir $<))
# automatic
?F = $(notdir $?)
# environment
ELECTRON_NO_ATTACH_CONSOLE = 1
# environment
LC_CTYPE = UTF-8
# environment
VSCODE_LOG_NATIVE = false
# automatic
?D = $(patsubst %/,%,$(dir $?))
# automatic
@D = $(patsubst %/,%,$(dir $@))
# automatic
 
@F = $(notdir $@)
# makefile
CURDIR := /Users/alexey/dev/eventstore/pulumi-eventstorecloud
# makefile
SHELL = /bin/sh
# environment
VSCODE_NLS_CONFIG = {"locale":"en-gb","availableLanguages":{},"_languagePackSupport":true}
# environment
_ = /usr/bin/make
# makefile (from `Makefile', line 8)
PROVIDER_PATH := provider
# makefile (from `Makefile', line 1)
MAKEFILE_LIST :=  Makefile
# makefile (from `Makefile', line 15)
TESTPARALLELISM := 4
# makefile (from `Makefile', line 13)
VERSION := 0.2.4-alpha.1646832346+66c903e2.dirty
# environment
VSCODE_VERBOSE_LOGGING = true
# makefile (from `Makefile', line 20)
EMPTY_TO_AVOID_SED := ""
# environment
__CFBundleIdentifier = com.microsoft.VSCode
# environment
INFOPATH = /opt/homebrew/share/info:
# environment
VSCODE_IPC_HOOK_EXTHOST = /var/folders/35/trnfg6ln5032dcp6tdg545dc0000gn/T/vscode-ipc-a5a320b0-c170-493d-988a-5f38a51cac17.sock
# environment
VSCODE_CWD = /Users/alexey/dev/eventstore/pulumi-eventstorecloud
# environment
PATH = /opt/homebrew/Caskroom/google-cloud-sdk/latest/google-cloud-sdk/bin:/Users/alexey/.yarn/bin:/Users/alexey/.config/yarn/global/node_modules/.bin:/opt/homebrew/bin:/opt/homebrew/sbin:/Users/alexey/bin:/usr/local/bin:/usr/local/bin:/usr/bin:/bin:/usr/sbin:/sbin:/usr/local/share/dotnet:~/.dotnet/tools:/Users/alexey/.dotnet/tools
# environment
LSCOLORS = Gxfxcxdxbxegedabagacad
# makefile (from `Makefile', line 5)
PROJECT := github.com/EventStore/pulumi-eventstorecloud
# makefile (from `Makefile', line 11)
TFGEN := pulumi-tfgen-eventstorecloud
# environment
LaunchInstanceID = A261D4E4-3565-4780-BAEC-AD54281A71AE
# environment
VSCODE_LOG_STACK = false
# environment
ELECTRON_RUN_AS_NODE = 1
# default
.FEATURES := target-specific order-only second-expansion else-if archives jobserver check-symlink
# environment
SSH_AUTH_SOCK = /private/tmp/com.apple.launchd.hBKIZY4Psg/Listeners
# automatic
%F = $(notdir $%)
# makefile (from `Makefile', line 17)
WORKING_DIR := /Users/alexey/dev/eventstore/pulumi-eventstorecloud
# environment
VSCODE_PIPE_LOGGING = true
# environment
PWD = /Users/alexey/dev/eventstore/pulumi-eventstorecloud
# makefile (from `Makefile', line 9)
VERSION_PATH := provider/pkg/version.Version
# environment
HOMEBREW_CELLAR = /opt/homebrew/Cellar
# environment
ORIGINAL_XDG_CURRENT_DESKTOP = undefined
# environment
MANPATH = /opt/homebrew/share/man::
# environment
VSCODE_AMD_ENTRYPOINT = vs/workbench/api/node/extensionHostProcess
# environment
HOME = /Users/alexey
# default
MAKEFILEPATH = $(shell /usr/bin/xcode-select -print-path 2>/dev/null || echo /Developer)/Makefiles
# environment
VSCODE_CLI = 1
# environment
VSCODE_CODE_CACHE_PATH = /Users/alexey/Library/Application Support/Code/CachedData/57fd6d0195bb9b9d1b49f6da5db789060795de47
# environment
LOGNAME = alexey
# environment
APPLICATION_INSIGHTS_NO_DIAGNOSTIC_CHANNEL = 1
# environment
ZSH = /Users/alexey/.oh-my-zsh
# environment
VSCODE_HANDLES_UNCAUGHT_ERRORS = true
# automatic
^D = $(patsubst %/,%,$(dir $^))
# environment
XPC_FLAGS = 0x0
# environment
COLORTERM = truecolor
# default
MAKE = $(MAKE_COMMAND)
# environment
LC_TERMINAL = iTerm2
# environment
SHLVL = 3
# default
MAKE_VERSION := 3.81
# environment
USER = alexey
# makefile
.DEFAULT_GOAL := prepare
# default
MAKECMDGOALS := all
# environment
TERM_SESSION_ID = w3t0p0:B2229F3E-53E3-465F-BC2E-96B802527F82
# makefile (from `Makefile', line 4)
ORG := EventStore
# environment
LESS = -R
# automatic
%D = $(patsubst %/,%,$(dir $%))
# default
MAKE_COMMAND := /Library/Developer/CommandLineTools/usr/bin/make
# environment
TERM_PROGRAM = iTerm.app
# default
.VARIABLES := 
# environment
TMPDIR = /var/folders/35/trnfg6ln5032dcp6tdg545dc0000gn/T/
# automatic
*F = $(notdir $*)
# makefile (from `Makefile', line 19)
OS := Darwin
# environment
VSCODE_IPC_HOOK = /Users/alexey/Library/Application Support/Code/1.67.0-main.sock
# makefile
MAKEFLAGS = Rrqp
# makefile (from `Makefile', line 6)
NODE_MODULE_NAME := @eventstore/pulumi-eventstorecloud
# environment
MFLAGS = -Rrqp
# automatic
*D = $(patsubst %/,%,$(dir $*))
# environment
TERM_PROGRAM_VERSION = 3.4.15
# environment
XPC_SERVICE_NAME = application.com.microsoft.VSCode.10555995.10556001.40AF207D-CA9A-437A-8CDB-3F0C363C84E6
# environment
LC_TERMINAL_VERSION = 3.4.15
# environment
HOMEBREW_PREFIX = /opt/homebrew
# automatic
+D = $(patsubst %/,%,$(dir $+))
# automatic
+F = $(notdir $+)
# environment
ITERM_SESSION_ID = w3t0p0:B2229F3E-53E3-465F-BC2E-96B802527F82
# environment
HOMEBREW_REPOSITORY = /opt/homebrew
# environment
COLORFGBG = 7;0
# environment
__CF_USER_TEXT_ENCODING = 0x1F5:0x0:0x2
# environment
COMMAND_MODE = unix2003
# default
MAKEFILES := 
# automatic
<F = $(notdir $<)
# environment
ITERM_PROFILE = Default
# makefile (from `Makefile', line 1)
PROJECT_NAME := Event Store Cloud Package
# environment
PAGER = less
# environment
LC_ALL = C
# makefile (from `Makefile', line 12)
PROVIDER := pulumi-resource-eventstorecloud
# makefile (from `Makefile', line 7)
TF_NAME := eventstorecloud
# environment
SECURITYSESSIONID = 186b2
# automatic
^F = $(notdir $^)
# default
SUFFIXES := 
# environment
MAKELEVEL := 0
# environment
LANG = C
# environment
TERM = xterm-256color
# environment
VSCODE_PID = 72504
# makefile (from `Makefile', line 3)
PACK := eventstorecloud
# variable set hash-table stats:
 
# Load=100/1024=10%, Rehash=0, Collisions=10/145=7%

# Pattern-specific Variable Values

# No pattern-specific variable values.

# Directories

# . (device 16777234, inode 11244943): 21 files, no impossibilities.

# 21 files, no impossibilities in 1 directories.

# Implicit Rules

# No implicit rules.

# Files

build_nodejs:: install_plugins tfgen
#  Phony target (prerequisite of .PHONY).
#  Implicit rule search has not been done.
#  File does not exist.
#  File has not been updated.
# makefile (from `Makefile', line 60)
# VERSION := v0.2.4-alpha.1646832346+66c903e2.dirty
# variable set hash-table stats:
# Load=1/32=3%, Rehash=0, Collisions=0/3=0%
#  commands to execute (from `Makefile', line 62):
	$(WORKING_DIR)/bin/$(TFGEN) nodejs --overlays provider/overlays/nodejs --out sdk/nodejs/
	cd sdk/nodejs/ && \
	yarn install && \
	yarn run tsc && \
	cat ../../readme/README.md ../../readme/nodejs.md > ./README.md && \
	cp ../../LICENSE package.json yarn.lock ./bin/ && \
	sed -i.bak -e "s/\$${VERSION}/$(VERSION)/g" ./bin/package.json
	

cleanup::
#  Phony target (prerequisite of .PHONY).
#  Implicit rule search has not been done.
#  File does not exist.
#  File has not been updated.
#  commands to execute (from `Makefile', line 99):
	rm -r $(WORKING_DIR)/bin
	rm -f provider/cmd/${PROVIDER}/schema.go
	

# Not a target:
all:
#  Command-line target.
#  Implicit rule search has been done.
#  File does not exist.
#  File has not been updated.
# variable set hash-table stats:
# Load=0/32=0%, Rehash=0, Collisions=0/0=0%

.PHONY: development provider build_sdks build_nodejs build_dotnet build_go build_python cleanup
#  Implicit rule search has not been done.
#  Modification time never checked.
#  File has not been updated.

install_nodejs_sdk::
#  Implicit rule search has not been done.
#  Modification time never checked.
#  File has not been updated.
#  commands to execute (from `Makefile', line 123):
	yarn link --cwd $(WORKING_DIR)/sdk/nodejs/bin
	

build_go:: install_plugins tfgen
#  Phony target (prerequisite of .PHONY).
#  Implicit rule search has not been done.
#  File does not exist.
#  File has not been updated.
#  commands to execute (from `Makefile', line 91):
	$(WORKING_DIR)/bin/$(TFGEN) go --overlays provider/overlays/go --out sdk/go/
	cd sdk/go/ && \
	cat ../../readme/README.md ../../readme/go.md ../../readme/get-plugin.md > ./README.md
	

# Not a target:
.SUFFIXES:
#  Implicit rule search has not been done.
#  Modification time never checked.
#  File has not been updated.

# Not a target:
Makefile:
#  Implicit rule search has been done.
#  Last modified 2022-05-13 14:21:29
#  File has been updated.
#  Successfully updated.
# variable set hash-table stats:
# Load=0/32=0%, Rehash=0, Collisions=0/0=0%

test::
#  Implicit rule search has not been done.
#  Modification time never checked.
#  File has not been updated.
#  commands to execute (from `Makefile', line 128):
	cd examples && go test -v -tags=all -parallel ${TESTPARALLELISM} -timeout 2h
	

tfgen:: install_plugins
#  Implicit rule search has not been done.
#  Modification time never checked.
#  File has not been updated.
#  commands to execute (from `Makefile', line 51):
	(cd provider && go build -a -o $(WORKING_DIR)/bin/${TFGEN} -ldflags "-X ${PROJECT}/${VERSION_PATH}=${VERSION}" ${PROJECT}/${PROVIDER_PATH}/cmd/${TFGEN})
	$(WORKING_DIR)/bin/${TFGEN} schema --out provider/cmd/${PROVIDER}
	(cd provider && VERSION=$(VERSION) go generate cmd/${PROVIDER}/main.go)
	

build_python:: install_plugins tfgen
#  Phony target (prerequisite of .PHONY).
#  Implicit rule search has not been done.
#  File does not exist.
#  File has not been updated.
# makefile (from `Makefile', line 70)
# PYPI_VERSION := 0.2.4a1646832346+dirty
# variable set hash-table stats:
# Load=1/32=3%, Rehash=0, Collisions=0/3=0%
#  commands to execute (from `Makefile', line 72):
	$(WORKING_DIR)/bin/$(TFGEN) python --overlays provider/overlays/python --out sdk/python/
	cd sdk/python/ && \
	cat ../../readme/README.md ../../readme/python.md > ./README.md && \
	python3 setup.py clean --all 2>/dev/null && \
	rm -rf ./bin/ ../python.bin/ && cp -R . ../python.bin && mv ../python.bin ./bin && \
	sed -i.bak -e "s/\$${VERSION}/$(PYPI_VERSION)/g" -e "s/\$${PLUGIN_VERSION}/$(VERSION)/g" ./bin/setup.py && \
	rm ./bin/setup.py.bak && \
	cd ./bin && python3 setup.py build sdist
	

build:: install_plugins provider build_sdks install_sdks
#  Implicit rule search has not been done.
#  Modification time never checked.
#  File has not been updated.

prepare::
#  Implicit rule search has not been done.
#  Modification time never checked.
#  File has not been updated.
#  commands to execute (from `Makefile', line 23):
	@if test -z "${NAME}"; then echo "NAME not set"; exit 1; fi
	@if test -z "${REPOSITORY}"; then echo "REPOSITORY not set"; exit 1; fi
	@if test ! -d "provider/cmd/pulumi-tfgen-x${EMPTY_TO_AVOID_SED}yz"; then "Project already prepared"; exit 1; fi
	mv "provider/cmd/pulumi-tfgen-x${EMPTY_TO_AVOID_SED}yz" provider/cmd/pulumi-tfgen-${NAME}
	mv "provider/cmd/pulumi-resource-x${EMPTY_TO_AVOID_SED}yz" provider/cmd/pulumi-resource-${NAME}
	if [[ "${OS}" != "Darwin" ]]; then \
	sed -i 's,github.com/EventStore/pulumi-eventstorecloud,${REPOSITORY},g' provider/go.mod; \
	find ./ ! -path './.git/*' -type f -exec sed -i 's/[x]yz/${NAME}/g' {} \; &> /dev/null; \
	fi
	# In MacOS the -i parameter needs an empty string to execute in place.
	if [[ "${OS}" == "Darwin" ]]; then \
	sed -i '' 's,github.com/EventStore/pulumi-eventstorecloud,${REPOSITORY},g' provider/go.mod; \
	find ./ ! -path './.git/*' -type f -exec sed -i '' 's/[x]yz/${NAME}/g' {} \; &> /dev/null; \
	fi
	

install_sdks:: install_dotnet_sdk install_python_sdk install_nodejs_sdk
#  Implicit rule search has not been done.
#  Modification time never checked.
#  File has not been updated.

install_go_sdk::
#  Implicit rule search has not been done.
#  Modification time never checked.
#  File has not been updated.

install_plugins::
#  Implicit rule search has not been done.
#  Modification time never checked.
#  File has not been updated.
#  commands to execute (from `Makefile', line 111):
	[ -x $(shell which pulumi) ] || curl -fsSL https://get.pulumi.com | sh
	pulumi plugin install resource random 2.2.0
	

lint_provider:: provider
#  Implicit rule search has not been done.
#  Modification time never checked.
#  File has not been updated.
#  commands to execute (from `Makefile', line 96):
	cd provider && golangci-lint run -c ../.golangci.yml
	

help::
#  Implicit rule search has not been done.
#  Modification time never checked.
#  File has not been updated.
#  commands to execute (from `Makefile', line 103):
	@grep '^[^.#]\+:\s\+.*#' Makefile | \
	sed "s/\(.\+\):\s*\(.*\) #\s*\(.*\)/`printf "\033[93m"`\1`printf "\033[0m"`	\3 [\2]/" | \
	expand -t20
	

development:: install_plugins provider build_sdks install_sdks cleanup
#  Phony target (prerequisite of .PHONY).
#  Implicit rule search has not been done.
#  File does not exist.
#  File has not been updated.

install_python_sdk::
#  Implicit rule search has not been done.
#  Modification time never checked.
#  File has not been updated.

# Not a target:
.DEFAULT:
#  Implicit rule search has not been done.
#  Modification time never checked.
#  File has not been updated.

build_dotnet:: install_plugins tfgen
#  Phony target (prerequisite of .PHONY).
#  Implicit rule search has not been done.
#  File does not exist.
#  File has not been updated.
# makefile (from `Makefile', line 81)
# DOTNET_VERSION := 0.2.4-alpha.1646832346+66c903e2.dirty
# variable set hash-table stats:
# Load=1/32=3%, Rehash=0, Collisions=0/3=0%
#  commands to execute (from `Makefile', line 83):
	pulumictl get version --language dotnet
	$(WORKING_DIR)/bin/$(TFGEN) dotnet --overlays provider/overlays/dotnet --out sdk/dotnet/
	cd sdk/dotnet/ && \
	cat ../../readme/README.md ../../readme/dotnet.md ../../readme/get-plugin.md > ./README.md && \
	echo "${DOTNET_VERSION}" >version.txt && \
	dotnet build /p:Version=${DOTNET_VERSION}
	

provider:: tfgen install_plugins
#  Phony target (prerequisite of .PHONY).
#  Implicit rule search has not been done.
#  File does not exist.
 
#  File has not been updated.
#  commands to execute (from `Makefile', line 56):
	(cd provider && go build -a -o $(WORKING_DIR)/bin/${PROVIDER} -ldflags "-X ${PROJECT}/${VERSION_PATH}=${VERSION}" ${PROJECT}/${PROVIDER_PATH}/cmd/${PROVIDER})
	

clean::
#  Implicit rule search has not been done.
#  Modification time never checked.
#  File has not been updated.
#  commands to execute (from `Makefile', line 108):
	rm -rf sdk/{dotnet,nodejs,go,python}
	

only_build:: build
#  Implicit rule search has not been done.
#  Modification time never checked.
#  File has not been updated.

build_sdks:: install_plugins provider build_nodejs build_python build_go build_dotnet
#  Phony target (prerequisite of .PHONY).
#  Implicit rule search has not been done.
#  File does not exist.
#  File has not been updated.

install_dotnet_sdk::
#  Implicit rule search has not been done.
#  Modification time never checked.
#  File has not been updated.
#  commands to execute (from `Makefile', line 115):
	mkdir -p $(WORKING_DIR)/nuget
	find . -name '*.nupkg' -print -exec cp -p {} ${WORKING_DIR}/nuget \;
	

# files hash-table stats:
# Load=27/1024=3%, Rehash=0, Collisions=4/106=4%
# VPATH Search Paths

# No `vpath' search paths.

# No general (`VPATH' variable) search path.

# # of strings in strcache: 1
# # of strcache buffers: 1
# strcache size: total = 4096 / max = 4096 / min = 4096 / avg = 4096
# strcache free: total = 4087 / max = 4087 / min = 4087 / avg = 4087

# Finished Make data base on Fri May 13 14:42:09 2022

 
